Ansys Lumerical 2021 R1.1 FDTD Solver Version 8.25.2599 (Windows 64bit)
 expires (month/day/year): 3/4/2022
using config file: Ansys Licensing set with ANSYSLMD_LICENSE_FILE
license host: 27080@106.109.9.250
current time: Fri Jun 18 07:54:56 2021
Running on host: m-ryabko01
host available memory (GB): 18.066244
All processes are communicating and ready to proceed to simulation...
Running fsp file: C:\Program Files\Lumerical\v211\bin\fdtd-engine-msmpi.exe -t 1 -remote G:/Work/Projects/2021/LWIR/Modulator/Source/FDTD.fsp
Starting meshing
Simulation size in gridpoints: 1 x 24 x 52
Refined 0 mesh cells (0%)
Completed meshing!
Meshing complete in 0.84375 seconds of CPU time
Starting meshing
Simulation size in gridpoints: 1 x 24 x 52
Refined 0 mesh cells (0%)
Completed meshing!
Meshing complete in 0.8125 seconds of CPU time
Starting meshing
Simulation size in gridpoints: 1 x 24 x 52
Refined 0 mesh cells (0%)
Completed meshing!
Meshing complete in 0.84375 seconds of CPU time
number of processors is 8
processors are distributed as: 4x1x2
Running 3D Simulation
Starting meshing
Simulation size in gridpoints: 67 x 46 x 43
Refined 0 mesh cells (0%)
Completed meshing!
Meshing complete in 1.65625 seconds of CPU time
146240 146240
Starting meshing
Simulation size in gridpoints: 67 x 46 x 43
Refined 0 mesh cells (0%)
Completed meshing!
Meshing complete in 1.54688 seconds of CPU time
142864 142864
Starting meshing
Simulation size in gridpoints: 67 x 46 x 43
Refined 0 mesh cells (0%)
Completed meshing!
Meshing complete in 1.46875 seconds of CPU time
154880 154880
finished material properties
Meshing Time: 3.18175 seconds, Init Electrical Material Time: 0.705171 seconds, Init Magnetic Material Time: 0.0004735
Using selected optimization level: 2
Selecting 3d kernel for splitFieldDirection=0 and optLevel=2
-----------------------------------------
Beginning initialization of 3D Simulation
Starting to add sources to simulation
Adding 3D Mode source propagating in X
Starting to add boundary conditions to simulation
Adding 3D PML BC
Adding 3D Parallel BC
Adding 3D PML BC
Adding 3D PML BC
Adding 3D PML BC
Adding 3D Parallel BC
Starting to add monitors to Simulation
Adding analysis monitor
Adding 3D DFT monitor
Adding 3D DFT monitor
Adding 3D Time monitor
Finished initialization of 3D Simulation
-----------------------------------------
All processes are communicating and ready to proceed to simulation...
Starting 135753 total iterations
0.0353583% complete. Max time remaining: 30 mins, 50 secs. Auto Shutoff: 1
1.07253% complete. Max time remaining: 32 mins, 41 secs. Auto Shutoff: 1
2.15685% complete. Max time remaining: 33 mins, 9 secs. Auto Shutoff: 1
3.19403% complete. Max time remaining: 32 mins, 48 secs. Auto Shutoff: 1
4.27835% complete. Max time remaining: 32 mins, 29 secs. Auto Shutoff: 1
5.36267% complete. Max time remaining: 31 mins, 42 secs. Auto Shutoff: 0.0607284
6.44699% complete. Max time remaining: 31 mins, 5 secs. Auto Shutoff: 0.0162391
7.48417% complete. Max time remaining: 30 mins, 31 secs. Auto Shutoff: 0.00518564
8.52134% complete. Max time remaining: 30 mins, 11 secs. Auto Shutoff: 0.00171826
9.55852% complete. Max time remaining: 29 mins, 42 secs. Auto Shutoff: 0.00054968
10.5957% complete. Max time remaining: 29 mins, 17 secs. Auto Shutoff: 0.000173458
11.6329% complete. Max time remaining: 28 mins, 51 secs. Auto Shutoff: 5.43633e-05
12.67% complete. Max time remaining: 28 mins, 40 secs. Auto Shutoff: 1.69162e-05
100% complete. Max time remaining: 0 mins, 0 secs. Auto Shutoff: 8.85086e-06
Early termination of simulation, the autoshutoff criteria are satisfied.
Completed 17931 iterations, or 6.604260e-13s of Simulation Time
Process 0 starting to collect data
    collecting monitor data
    collecting source data
Finished collecting data
Simulation completed successfully at: Fri Jun 18 07:59:34 2021
Overall wall time measurements in seconds: 285.436
    time to mesh and initialize: 6.16663
    time to run FDTD simulation: 261.313
    time to checkpoint simulation: 3e-07
    time to finalize data and save to files: 7.08655
    miscellaneous time: 10.8702
    FDTD solver speed on process 0: 9.09379 Mnodes/s
    total FDTD solver speed on 8 processes: 72.7503 Mnodes/s
